[1.479s] Invoking command in '/home/tobbe/ROS2/src/py_pubsub': PYTHONPATH=/home/tobbe/ROS2/build/py_pubsub/prefix_override:/usr/lib/python3/dist-packages/colcon_core/task/python/colcon_distutils_commands:/home/tobbe/ROS2/install/py_pubsub/lib/python3.12/site-packages:${PYTHONPATH} /usr/bin/python3 -W ignore:setup.py install is deprecated -W ignore:easy_install command is deprecated setup.py egg_info --egg-base ../../build/py_pubsub build --build-base /home/tobbe/ROS2/build/py_pubsub/build install --record /home/tobbe/ROS2/build/py_pubsub/install.log --single-version-externally-managed install_data
[1.764s] running egg_info
[1.765s] creating ../../build/py_pubsub/py_pubsub.egg-info
[1.786s] writing ../../build/py_pubsub/py_pubsub.egg-info/PKG-INFO
[1.786s] writing dependency_links to ../../build/py_pubsub/py_pubsub.egg-info/dependency_links.txt
[1.786s] writing requirements to ../../build/py_pubsub/py_pubsub.egg-info/requires.txt
[1.787s] writing top-level names to ../../build/py_pubsub/py_pubsub.egg-info/top_level.txt
[1.787s] writing manifest file '../../build/py_pubsub/py_pubsub.egg-info/SOURCES.txt'
[1.828s] reading manifest file '../../build/py_pubsub/py_pubsub.egg-info/SOURCES.txt'
[1.828s] adding license file 'LICENSE'
[1.829s] writing manifest file '../../build/py_pubsub/py_pubsub.egg-info/SOURCES.txt'
[1.829s] running build
[1.829s] running build_py
[1.830s] creating /home/tobbe/ROS2/build/py_pubsub/build
[1.830s] creating /home/tobbe/ROS2/build/py_pubsub/build/lib
[1.831s] creating /home/tobbe/ROS2/build/py_pubsub/build/lib/py_pubsub
[1.832s] copying py_pubsub/__init__.py -> /home/tobbe/ROS2/build/py_pubsub/build/lib/py_pubsub
[1.832s] copying py_pubsub/publisher_member_function.py -> /home/tobbe/ROS2/build/py_pubsub/build/lib/py_pubsub
[1.833s] running install
[1.839s] running install_lib
[1.859s] creating /home/tobbe/ROS2/install/py_pubsub/lib/python3.12/site-packages/py_pubsub
[1.860s] copying /home/tobbe/ROS2/build/py_pubsub/build/lib/py_pubsub/__init__.py -> /home/tobbe/ROS2/install/py_pubsub/lib/python3.12/site-packages/py_pubsub
[1.860s] copying /home/tobbe/ROS2/build/py_pubsub/build/lib/py_pubsub/publisher_member_function.py -> /home/tobbe/ROS2/install/py_pubsub/lib/python3.12/site-packages/py_pubsub
[1.861s] byte-compiling /home/tobbe/ROS2/install/py_pubsub/lib/python3.12/site-packages/py_pubsub/__init__.py to __init__.cpython-312.pyc
[1.862s] byte-compiling /home/tobbe/ROS2/install/py_pubsub/lib/python3.12/site-packages/py_pubsub/publisher_member_function.py to publisher_member_function.cpython-312.pyc
[1.862s] running install_data
[1.862s] creating /home/tobbe/ROS2/install/py_pubsub/share/ament_index
[1.863s] creating /home/tobbe/ROS2/install/py_pubsub/share/ament_index/resource_index
[1.864s] creating /home/tobbe/ROS2/install/py_pubsub/share/ament_index/resource_index/packages
[1.864s] copying resource/py_pubsub -> /home/tobbe/ROS2/install/py_pubsub/share/ament_index/resource_index/packages
[1.864s] copying package.xml -> /home/tobbe/ROS2/install/py_pubsub/share/py_pubsub
[1.865s] running install_egg_info
[1.887s] Copying ../../build/py_pubsub/py_pubsub.egg-info to /home/tobbe/ROS2/install/py_pubsub/lib/python3.12/site-packages/py_pubsub-0.0.0-py3.12.egg-info
[1.889s] running install_scripts
[2.028s] writing list of installed files to '/home/tobbe/ROS2/build/py_pubsub/install.log'
[2.070s] Invoked command in '/home/tobbe/ROS2/src/py_pubsub' returned '0': PYTHONPATH=/home/tobbe/ROS2/build/py_pubsub/prefix_override:/usr/lib/python3/dist-packages/colcon_core/task/python/colcon_distutils_commands:/home/tobbe/ROS2/install/py_pubsub/lib/python3.12/site-packages:${PYTHONPATH} /usr/bin/python3 -W ignore:setup.py install is deprecated -W ignore:easy_install command is deprecated setup.py egg_info --egg-base ../../build/py_pubsub build --build-base /home/tobbe/ROS2/build/py_pubsub/build install --record /home/tobbe/ROS2/build/py_pubsub/install.log --single-version-externally-managed install_data
