running egg_info
writing ../../build/ds4/ds4.egg-info/PKG-INFO
writing dependency_links to ../../build/ds4/ds4.egg-info/dependency_links.txt
writing entry points to ../../build/ds4/ds4.egg-info/entry_points.txt
writing requirements to ../../build/ds4/ds4.egg-info/requires.txt
writing top-level names to ../../build/ds4/ds4.egg-info/top_level.txt
reading manifest file '../../build/ds4/ds4.egg-info/SOURCES.txt'
adding license file 'LICENSE'
writing manifest file '../../build/ds4/ds4.egg-info/SOURCES.txt'
running build
running build_py
copying ds4/__init__.py -> /home/tobbe/ROS2/build/ds4/build/lib/ds4
copying ds4/my_node.py -> /home/tobbe/ROS2/build/ds4/build/lib/ds4
running install
running install_lib
copying /home/tobbe/ROS2/build/ds4/build/lib/ds4/__init__.py -> /home/tobbe/ROS2/install/ds4/lib/python3.12/site-packages/ds4
copying /home/tobbe/ROS2/build/ds4/build/lib/ds4/my_node.py -> /home/tobbe/ROS2/install/ds4/lib/python3.12/site-packages/ds4
byte-compiling /home/tobbe/ROS2/install/ds4/lib/python3.12/site-packages/ds4/__init__.py to __init__.cpython-312.pyc
byte-compiling /home/tobbe/ROS2/install/ds4/lib/python3.12/site-packages/ds4/my_node.py to my_node.cpython-312.pyc
running install_data
copying resource/ds4 -> /home/tobbe/ROS2/install/ds4/share/ament_index/resource_index/packages
copying package.xml -> /home/tobbe/ROS2/install/ds4/share/ds4
running install_egg_info
removing '/home/tobbe/ROS2/install/ds4/lib/python3.12/site-packages/ds4-0.0.0-py3.12.egg-info' (and everything under it)
Copying ../../build/ds4/ds4.egg-info to /home/tobbe/ROS2/install/ds4/lib/python3.12/site-packages/ds4-0.0.0-py3.12.egg-info
running install_scripts
Installing my_node script to /home/tobbe/ROS2/install/ds4/lib/ds4
writing list of installed files to '/home/tobbe/ROS2/build/ds4/install.log'
