[0.747s] Invoking command in '/home/tobbe/ros2_ws/src/ds4': PYTHONPATH=/home/tobbe/ros2_ws/build/ds4/prefix_override:/usr/lib/python3/dist-packages/colcon_core/task/python/colcon_distutils_commands:/home/tobbe/ros2_ws/install/ds4/lib/python3.12/site-packages:${PYTHONPATH} /usr/bin/python3 -W ignore:setup.py install is deprecated -W ignore:easy_install command is deprecated setup.py egg_info --egg-base ../../build/ds4 build --build-base /home/tobbe/ros2_ws/build/ds4/build install --record /home/tobbe/ros2_ws/build/ds4/install.log --single-version-externally-managed install_data
[0.983s] running egg_info
[0.983s] creating ../../build/ds4/ds4.egg-info
[1.000s] writing ../../build/ds4/ds4.egg-info/PKG-INFO
[1.000s] writing dependency_links to ../../build/ds4/ds4.egg-info/dependency_links.txt
[1.001s] writing requirements to ../../build/ds4/ds4.egg-info/requires.txt
[1.001s] writing top-level names to ../../build/ds4/ds4.egg-info/top_level.txt
[1.001s] writing manifest file '../../build/ds4/ds4.egg-info/SOURCES.txt'
[1.035s] reading manifest file '../../build/ds4/ds4.egg-info/SOURCES.txt'
[1.035s] adding license file 'LICENSE'
[1.036s] writing manifest file '../../build/ds4/ds4.egg-info/SOURCES.txt'
[1.036s] running build
[1.036s] running build_py
[1.036s] creating /home/tobbe/ros2_ws/build/ds4/build
[1.037s] creating /home/tobbe/ros2_ws/build/ds4/build/lib
[1.037s] creating /home/tobbe/ros2_ws/build/ds4/build/lib/ds4
[1.038s] copying ds4/__init__.py -> /home/tobbe/ros2_ws/build/ds4/build/lib/ds4
[1.038s] running install
[1.043s] running install_lib
[1.061s] creating /home/tobbe/ros2_ws/install/ds4/lib/python3.12/site-packages/ds4
[1.061s] copying /home/tobbe/ros2_ws/build/ds4/build/lib/ds4/__init__.py -> /home/tobbe/ros2_ws/install/ds4/lib/python3.12/site-packages/ds4
[1.062s] byte-compiling /home/tobbe/ros2_ws/install/ds4/lib/python3.12/site-packages/ds4/__init__.py to __init__.cpython-312.pyc
[1.063s] running install_data
[1.063s] creating /home/tobbe/ros2_ws/install/ds4/share/ament_index
[1.063s] creating /home/tobbe/ros2_ws/install/ds4/share/ament_index/resource_index
[1.064s] creating /home/tobbe/ros2_ws/install/ds4/share/ament_index/resource_index/packages
[1.064s] copying resource/ds4 -> /home/tobbe/ros2_ws/install/ds4/share/ament_index/resource_index/packages
[1.064s] copying package.xml -> /home/tobbe/ros2_ws/install/ds4/share/ds4
[1.064s] running install_egg_info
[1.083s] Copying ../../build/ds4/ds4.egg-info to /home/tobbe/ros2_ws/install/ds4/lib/python3.12/site-packages/ds4-0.0.0-py3.12.egg-info
[1.084s] running install_scripts
[1.205s] writing list of installed files to '/home/tobbe/ros2_ws/build/ds4/install.log'
[1.234s] Invoked command in '/home/tobbe/ros2_ws/src/ds4' returned '0': PYTHONPATH=/home/tobbe/ros2_ws/build/ds4/prefix_override:/usr/lib/python3/dist-packages/colcon_core/task/python/colcon_distutils_commands:/home/tobbe/ros2_ws/install/ds4/lib/python3.12/site-packages:${PYTHONPATH} /usr/bin/python3 -W ignore:setup.py install is deprecated -W ignore:easy_install command is deprecated setup.py egg_info --egg-base ../../build/ds4 build --build-base /home/tobbe/ros2_ws/build/ds4/build install --record /home/tobbe/ros2_ws/build/ds4/install.log --single-version-externally-managed install_data
