[0.811s] Invoking command in '/home/tobbe/ROS2/src/ds4': PYTHONPATH=/home/tobbe/ROS2/build/ds4/prefix_override:/usr/lib/python3/dist-packages/colcon_core/task/python/colcon_distutils_commands:/home/tobbe/ROS2/install/ds4/lib/python3.12/site-packages:${PYTHONPATH} /usr/bin/python3 -W ignore:setup.py install is deprecated -W ignore:easy_install command is deprecated setup.py egg_info --egg-base ../../build/ds4 build --build-base /home/tobbe/ROS2/build/ds4/build install --record /home/tobbe/ROS2/build/ds4/install.log --single-version-externally-managed install_data
[1.043s] running egg_info
[1.060s] writing ../../build/ds4/ds4.egg-info/PKG-INFO
[1.060s] writing dependency_links to ../../build/ds4/ds4.egg-info/dependency_links.txt
[1.061s] writing entry points to ../../build/ds4/ds4.egg-info/entry_points.txt
[1.061s] writing requirements to ../../build/ds4/ds4.egg-info/requires.txt
[1.061s] writing top-level names to ../../build/ds4/ds4.egg-info/top_level.txt
[1.095s] reading manifest file '../../build/ds4/ds4.egg-info/SOURCES.txt'
[1.095s] adding license file 'LICENSE'
[1.096s] writing manifest file '../../build/ds4/ds4.egg-info/SOURCES.txt'
[1.096s] running build
[1.096s] running build_py
[1.096s] copying ds4/my_node.py -> /home/tobbe/ROS2/build/ds4/build/lib/ds4
[1.097s] running install
[1.102s] running install_lib
[1.119s] copying /home/tobbe/ROS2/build/ds4/build/lib/ds4/my_node.py -> /home/tobbe/ROS2/install/ds4/lib/python3.12/site-packages/ds4
[1.119s] byte-compiling /home/tobbe/ROS2/install/ds4/lib/python3.12/site-packages/ds4/my_node.py to my_node.cpython-312.pyc
[1.120s] running install_data
[1.121s] running install_egg_info
[1.139s] removing '/home/tobbe/ROS2/install/ds4/lib/python3.12/site-packages/ds4-0.0.0-py3.12.egg-info' (and everything under it)
[1.139s] Copying ../../build/ds4/ds4.egg-info to /home/tobbe/ROS2/install/ds4/lib/python3.12/site-packages/ds4-0.0.0-py3.12.egg-info
[1.141s] running install_scripts
[1.261s] Installing my_node script to /home/tobbe/ROS2/install/ds4/lib/ds4
[1.261s] writing list of installed files to '/home/tobbe/ROS2/build/ds4/install.log'
[1.293s] Invoked command in '/home/tobbe/ROS2/src/ds4' returned '0': PYTHONPATH=/home/tobbe/ROS2/build/ds4/prefix_override:/usr/lib/python3/dist-packages/colcon_core/task/python/colcon_distutils_commands:/home/tobbe/ROS2/install/ds4/lib/python3.12/site-packages:${PYTHONPATH} /usr/bin/python3 -W ignore:setup.py install is deprecated -W ignore:easy_install command is deprecated setup.py egg_info --egg-base ../../build/ds4 build --build-base /home/tobbe/ROS2/build/ds4/build install --record /home/tobbe/ROS2/build/ds4/install.log --single-version-externally-managed install_data
